C:\Neeraj\backup\tech\systematicinv\backtrader\PycharmProjects\venv\Scripts\python.exe C:\Neeraj\backup\tech\systematicinv\surajchand_bt\btcp.py

=== SUMMARY ===
          symbol: QQQ.US
           start: 1995-01-01
             end: 2025-12-29
     expiry_mode: monthly_3rd_friday
      vol_source: vxn_then_hv
 starting_equity: 8,000.000000
   ending_equity: 46,607.518973
bh_ending_equity: 114,728.410004
            CAGR:     6.80%
         bh_CAGR:    10.44%
          Sharpe: 0.404295
       bh_Sharpe: 0.411513
    max_drawdown:   -46.65%
 bh_max_drawdown:   -82.96%
          trades: 57
            wins: 41
          losses: 16
        win_rate:    71.93%
   profit_factor: 3.774331

=== TRADES ===
entry_date  exit_date     expiry   K  contracts  entry_price  exit_price  holding_days        reason  return_%    pnl_$
1999-05-04 1999-10-11 2000-05-19  30          1        17.03       25.78           160 profit_target     51.37   874.81
1999-10-13 1999-11-12 2000-10-20  39          1        15.87       24.28            30 profit_target     53.04   841.46
2000-01-06 2000-01-19 2001-01-19  45          1        27.51       41.27            13 profit_target     50.00  1375.71
2000-01-28 2000-03-06 2001-02-16  42          1        36.72       55.60            38 profit_target     51.44  1888.77
2000-03-15 2000-09-11 2001-03-16  59          1        34.04       22.09           180     time_exit    -35.11 -1195.13
2000-09-11 2001-03-12 2001-09-21  58          1        25.63        2.11           182     time_exit    -91.78 -2352.34
2001-03-13 2001-09-10 2002-03-15  21          1        19.29        9.41           181     time_exit    -51.25  -988.80
2001-09-10 2002-03-11 2002-09-20  17          1        13.57       15.91           182     time_exit     17.29   234.55
2002-03-14 2002-09-10 2003-03-21  21          1        11.44        2.62           180     time_exit    -77.13  -882.61
2002-09-10 2003-03-10 2003-09-19  12          1         8.87        8.50           181     time_exit     -4.08   -36.21
2003-03-10 2003-05-30 2004-03-19  13          1         8.00       12.38            81 profit_target     54.75   438.11
2003-06-24 2003-09-18 2004-07-16  18          1         7.73       11.71            86 profit_target     51.54   398.38
2003-09-24 2004-03-22 2004-10-15  20          1         8.84        9.29           180     time_exit      5.15    45.53
2004-03-22 2004-09-20 2005-04-15  21          1         8.74        9.31           182     time_exit      6.49    56.68
2004-09-27 2004-11-17 2005-10-21  23          1         7.14       10.73            51 profit_target     50.23   358.60
2005-01-04 2005-07-05 2006-01-20  27          1         7.36        5.38           182     time_exit    -26.94  -198.37
2005-07-05 2005-11-11 2006-07-21  28          1         5.12        7.74           129 profit_target     51.21   261.99
2005-12-19 2006-06-19 2007-01-19  31          1         5.88        3.70           182     time_exit    -37.10  -218.16
2006-06-19 2006-11-15 2007-07-20  26          1         8.48       12.84           149 profit_target     51.38   435.86
2006-12-20 2007-06-18 2007-12-21  33          1         6.62        9.07           180     time_exit     37.14   245.74
2007-06-26 2007-10-08 2008-07-18  34          1         8.64       13.06           104 profit_target     51.20   442.39
2007-11-08 2008-05-06 2008-11-21  33          1        13.62        9.82           180     time_exit    -27.91  -379.99
2008-06-10 2008-12-08 2009-06-19  32          1        11.47        2.39           181     time_exit    -79.14  -907.39
2008-12-11 2009-06-02 2009-12-18  15          1        11.11       16.70           173 profit_target     50.31   559.05
2009-06-22 2009-09-11 2010-07-16  21          1        10.12       15.21            81 profit_target     50.34   509.35
2009-10-01 2010-03-18 2010-10-15  26          1        10.44       15.79           168 profit_target     51.36   535.90
2010-05-04 2010-11-01 2011-05-20  31          1        12.00       14.87           181     time_exit     23.90   286.79
2010-11-16 2011-02-16 2011-11-18  34          1        11.74       17.83            92 profit_target     51.97   609.88
2011-02-22 2011-08-22 2012-03-16  38          1        12.88        8.96           181     time_exit    -30.39  -391.25
2011-08-22 2012-02-02 2012-09-21  28          1        17.52       26.35           164 profit_target     50.41   883.23
2012-04-10 2012-10-08 2013-04-19  46          1        13.61       15.15           181     time_exit     11.32   154.07
2012-10-08 2013-04-08 2013-10-18  50          1        11.79       11.55           182     time_exit     -2.10   -24.77
2013-04-08 2013-07-11 2014-04-17  51          1        10.94       16.81            94 profit_target     53.63   587.01
2013-08-15 2013-10-21 2014-08-15  57          1        11.81       17.72            67 profit_target     50.11   591.57
2014-01-13 2014-06-27 2015-01-16  65          1        13.84       21.05           165 profit_target     52.15   721.47
2014-07-31 2014-11-26 2015-08-21  71          1        17.04       26.14           118 profit_target     53.37   909.55
2014-12-10 2015-06-08 2015-12-18  75          1        21.08       25.22           180     time_exit     19.66   414.33
2015-06-08 2015-12-07 2016-06-17  82          1        19.22       24.91           182     time_exit     29.62   569.30
2015-12-09 2016-06-06 2016-12-16  83          1        23.69       20.65           180     time_exit    -12.83  -303.98
2016-06-13 2016-12-12 2017-06-16  80          1        22.61       32.17           182     time_exit     42.27   955.87
2016-12-30 2017-03-01 2018-01-19  92          1        21.52       32.69            61 profit_target     51.94  1117.65
2017-04-12 2017-07-19 2018-04-20 103          1        22.69       34.38            98 profit_target     51.49  1168.54
2017-08-10 2017-12-15 2018-08-17 108          1        28.31       42.82           127 profit_target     51.27  1451.22
2018-02-02 2018-08-01 2019-02-15 125          1        35.77       45.89           180     time_exit     28.29  1011.82
2018-09-06 2019-03-05 2019-09-20 141          1        37.95       29.08           180     time_exit    -23.37  -886.62
2019-05-07 2019-11-04 2020-05-15 140          1        44.55       54.32           181     time_exit     21.92   976.67
2020-02-24 2020-07-08 2021-03-19 154          1        65.79       99.22           135 profit_target     50.83  3343.61
2020-09-08 2021-01-25 2021-09-17 168          1       100.63      151.87           139 profit_target     50.91  5123.43
2021-01-29 2021-07-28 2022-02-18 202          1       111.38      155.41           180     time_exit     39.53  4402.96
2021-08-18 2022-02-14 2022-08-19 267          1        91.55       80.59           180     time_exit    -11.97 -1096.15
2022-02-14 2022-08-15 2023-02-17 235          1       114.24       96.49           182     time_exit    -15.53 -1774.23
2022-08-22 2023-02-21 2023-09-15 226          1        95.66       72.86           183     time_exit    -23.83 -2279.98
2023-02-21 2023-05-26 2024-03-15 219          1        87.08      134.35            94 profit_target     54.29  4727.08
2023-08-04 2024-01-31 2024-08-16 299          1        89.35      122.53           180     time_exit     37.14  3318.44
2024-03-15 2024-07-03 2025-03-21 360          1        92.99      141.70           110 profit_target     52.37  4870.27
2024-07-17 2025-01-13 2025-07-18 395          1       108.38      119.46           180     time_exit     10.23  1108.29
2025-01-13 2025-07-14 2026-01-05 409          1       118.14      155.32           182     time_exit     31.47  3717.59

Process finished with exit code 0
